MyLittelBook/app/manifest-merger-debug-report.txt
-- Merging decision tree log ---
manifest
ADDED from AndroidManifest.xml:2:1
	xmlns:android
		ADDED from AndroidManifest.xml:2:11
	package
		ADDED from AndroidManifest.xml:3:5
		INJECTED from AndroidManifest.xml:0:0
		INJECTED from AndroidManifest.xml:0:0
	android:versionName
		INJECTED from AndroidManifest.xml:0:0
		INJECTED from AndroidManifest.xml:0:0
	android:versionCode
		INJECTED from AndroidManifest.xml:0:0
		INJECTED from AndroidManifest.xml:0:0
application
ADDED from AndroidManifest.xml:5:5
MERGED from com.android.support:appcompat-v7:23.0.1:22:5
MERGED from com.android.support:support-v4:23.0.1:22:5
MERGED from com.android.support:design:23.0.1:22:5
MERGED from com.android.support:support-v4:23.0.1:22:5
MERGED from com.android.support:appcompat-v7:23.0.1:22:5
MERGED from com.android.support:support-v4:23.0.1:22:5
	android:label
		ADDED from AndroidManifest.xml:8:9
	android:allowBackup
		ADDED from AndroidManifest.xml:6:9
	android:icon
		ADDED from AndroidManifest.xml:7:9
	android:theme
		ADDED from AndroidManifest.xml:9:9
activity#com.lpiem.mylittelbook.ConnexionActivity
ADDED from AndroidManifest.xml:10:9
	android:label
		ADDED from AndroidManifest.xml:12:13
	android:theme
		ADDED from AndroidManifest.xml:13:13
	android:name
		ADDED from AndroidManifest.xml:11:13
intent-filter#android.intent.action.MAIN+android.intent.category.LAUNCHER
ADDED from AndroidManifest.xml:14:13
action#android.intent.action.MAIN
ADDED from AndroidManifest.xml:15:17
	android:name
		ADDED from AndroidManifest.xml:15:25
category#android.intent.category.LAUNCHER
ADDED from AndroidManifest.xml:17:17
	android:name
		ADDED from AndroidManifest.xml:17:27
activity#com.lpiem.mylittelbook.BookActivity
ADDED from AndroidManifest.xml:20:9
	android:label
		ADDED from AndroidManifest.xml:22:13
	android:theme
		ADDED from AndroidManifest.xml:23:13
	android:name
		ADDED from AndroidManifest.xml:21:13
activity#com.lpiem.mylittelbook.SignUpActivity
ADDED from AndroidManifest.xml:25:9
	android:label
		ADDED from AndroidManifest.xml:27:13
	android:theme
		ADDED from AndroidManifest.xml:28:13
	android:name
		ADDED from AndroidManifest.xml:26:13
activity#com.lpiem.mylittelbook.AddBookActivity
ADDED from AndroidManifest.xml:30:9
	android:label
		ADDED from AndroidManifest.xml:32:13
	android:theme
		ADDED from AndroidManifest.xml:33:13
	android:name
		ADDED from AndroidManifest.xml:31:13
uses-sdk
INJECTED from AndroidManifest.xml:0:0 reason: use-sdk injection requested
MERGED from com.android.support:appcompat-v7:23.0.1:20:5
MERGED from com.android.support:support-v4:23.0.1:20:5
MERGED from com.android.support:design:23.0.1:20:5
MERGED from com.android.support:support-v4:23.0.1:20:5
MERGED from com.android.support:appcompat-v7:23.0.1:20:5
MERGED from com.android.support:support-v4:23.0.1:20:5
	android:targetSdkVersion
		INJECTED from AndroidManifest.xml:0:0
		INJECTED from AndroidManifest.xml:0:0
	android:minSdkVersion
		INJECTED from AndroidManifest.xml:0:0
		INJECTED from AndroidManifest.xml:0:0